<?xml version="1.0" encoding="UTF-8"?>
<TestRun id="6e596ca4-1592-4bc3-a153-61116c05267b" name="RazvanReb@RAZVAN 2012-04-19 19:05:18" runUser="Razvan\RazvanReb" xmlns="http://microsoft.com/schemas/VisualStudio/TeamTest/2010">
  <TestSettings name="Local" id="dcb7233e-da86-4555-ac3e-cd9472204edd">
    <Description>These are default test settings for a local test run.</Description>
    <Deployment userDeploymentRoot="C:\Users\RazvanReb\GIT\Gestiune_Cheltuieli\Gestiune Cheltuieli\TestResults" useDefaultDeploymentRoot="false" enabled="false" runDeploymentRoot="RazvanReb_RAZVAN 2012-04-19 19_05_18">
      <DeploymentItem filename="C:\Users\RazvanReb\GIT\Gestiune_Cheltuieli\Gestiune Cheltuieli\bin\Debug\Gestiune Cheltuieli.exe" />
    </Deployment>
    <Execution>
      <TestTypeSpecific />
      <AgentRule name="Execution Agents">
      </AgentRule>
    </Execution>
  </TestSettings>
  <Times creation="2012-04-19T19:05:18.1054687+03:00" queuing="2012-04-19T19:05:24.9355468+03:00" start="2012-04-19T19:05:25.3427734+03:00" finish="2012-04-19T19:06:10.2910156+03:00" />
  <ResultSummary outcome="Error">
    <Counters total="1" executed="1" error="0" failed="0" timeout="0" aborted="1" inconclusive="0" passedButRunAborted="0" notRunnable="0" notExecuted="0" disconnected="0" warning="0" passed="0" completed="0" inProgress="0" pending="0" />
    <RunInfos>
      <RunInfo computerName="RAZVAN" outcome="Error" timestamp="2012-04-19T19:06:10.1826171+03:00">
        <Text>Test host process exited unexpectedly.</Text>
      </RunInfo>
    </RunInfos>
  </ResultSummary>
  <TestDefinitions>
    <UnitTest name="TestMethod1" storage="c:\users\razvanreb\git\gestiune_cheltuieli\gestiune cheltuieli\testproject1\bin\debug\testproject1.dll" id="8d860aa4-5be8-6cb0-35ba-c49eb7967c7e">
      <Execution id="08948819-16a5-4a36-9ae0-3e2e05ec6e6d" />
      <TestMethod codeBase="C:/Users/RazvanReb/GIT/Gestiune_Cheltuieli/Gestiune Cheltuieli/TestProject1/bin/Debug/TestProject1.DLL" adapterTypeName="Microsoft.VisualStudio.TestTools.TestTypes.Unit.UnitTestAdapter, Microsoft.VisualStudio.QualityTools.Tips.UnitTest.Adapter, Version=10.0.0.0, Culture=neutral, PublicKeyToken=b03f5f7f11d50a3a" className="TestProject1.NotiteReaderTest, TestProject1, Version=1.0.0.0, Culture=neutral, PublicKeyToken=null" name="TestMethod1" />
    </UnitTest>
  </TestDefinitions>
  <TestLists>
    <TestList name="Results Not in a List" id="8c84fa94-04c1-424b-9868-57a2d4851a1d" />
    <TestList name="All Loaded Results" id="19431567-8539-422a-85d7-44ee4e166bda" />
  </TestLists>
  <TestEntries>
    <TestEntry testId="8d860aa4-5be8-6cb0-35ba-c49eb7967c7e" executionId="08948819-16a5-4a36-9ae0-3e2e05ec6e6d" testListId="8c84fa94-04c1-424b-9868-57a2d4851a1d" />
  </TestEntries>
  <Results>
    <UnitTestResult executionId="08948819-16a5-4a36-9ae0-3e2e05ec6e6d" testId="8d860aa4-5be8-6cb0-35ba-c49eb7967c7e" testName="TestMethod1" computerName="RAZVAN" duration="00:00:44.5664063" startTime="2012-04-19T19:05:25.7246093+03:00" endTime="2012-04-19T19:06:10.2910156+03:00" testType="13cdc9d9-ddb5-4fa4-a97d-d965ccfc6d4b" outcome="Aborted" testListId="8c84fa94-04c1-424b-9868-57a2d4851a1d" relativeResultsDirectory="08948819-16a5-4a36-9ae0-3e2e05ec6e6d">
    </UnitTestResult>
  </Results>
</TestRun>