<?xml version="1.0" encoding="UTF-8"?>
<TestRun id="7424c45b-d03e-46f5-8d2f-3a70c260f25d" name="RazvanReb@RAZVAN 2012-04-19 19:04:20" runUser="Razvan\RazvanReb" xmlns="http://microsoft.com/schemas/VisualStudio/TeamTest/2010">
  <TestSettings name="Local" id="dcb7233e-da86-4555-ac3e-cd9472204edd">
    <Description>These are default test settings for a local test run.</Description>
    <Deployment enabled="false" runDeploymentRoot="RazvanReb_RAZVAN 2012-04-19 19_04_20">
      <DeploymentItem filename="C:\Users\RazvanReb\GIT\Gestiune_Cheltuieli\Gestiune Cheltuieli\bin\Debug\Gestiune Cheltuieli.exe" />
    </Deployment>
    <Execution>
      <TestTypeSpecific />
      <AgentRule name="Execution Agents">
      </AgentRule>
    </Execution>
  </TestSettings>
  <Times creation="2012-04-19T19:04:20.8300781+03:00" queuing="2012-04-19T19:04:27.4687500+03:00" start="2012-04-19T19:04:27.9257812+03:00" finish="2012-04-19T19:04:30.5820312+03:00" />
  <ResultSummary outcome="Failed">
    <Counters total="1" executed="1" error="0" failed="1" timeout="0" aborted="0" inconclusive="0" passedButRunAborted="0" notRunnable="0" notExecuted="0" disconnected="0" warning="0" passed="0" completed="0" inProgress="0" pending="0" />
  </ResultSummary>
  <TestDefinitions>
    <UnitTest name="TestMethod1" storage="c:\users\razvanreb\git\gestiune_cheltuieli\gestiune cheltuieli\testproject1\bin\debug\testproject1.dll" id="8d860aa4-5be8-6cb0-35ba-c49eb7967c7e">
      <Execution id="22c63709-d0e7-413f-93fd-6aa83d568263" />
      <TestMethod codeBase="C:/Users/RazvanReb/GIT/Gestiune_Cheltuieli/Gestiune Cheltuieli/TestProject1/bin/Debug/TestProject1.DLL" adapterTypeName="Microsoft.VisualStudio.TestTools.TestTypes.Unit.UnitTestAdapter, Microsoft.VisualStudio.QualityTools.Tips.UnitTest.Adapter, Version=10.0.0.0, Culture=neutral, PublicKeyToken=b03f5f7f11d50a3a" className="TestProject1.NotiteReaderTest, TestProject1, Version=1.0.0.0, Culture=neutral, PublicKeyToken=null" name="TestMethod1" />
    </UnitTest>
  </TestDefinitions>
  <TestLists>
    <TestList name="Results Not in a List" id="8c84fa94-04c1-424b-9868-57a2d4851a1d" />
    <TestList name="All Loaded Results" id="19431567-8539-422a-85d7-44ee4e166bda" />
  </TestLists>
  <TestEntries>
    <TestEntry testId="8d860aa4-5be8-6cb0-35ba-c49eb7967c7e" executionId="22c63709-d0e7-413f-93fd-6aa83d568263" testListId="8c84fa94-04c1-424b-9868-57a2d4851a1d" />
  </TestEntries>
  <Results>
    <UnitTestResult executionId="22c63709-d0e7-413f-93fd-6aa83d568263" testId="8d860aa4-5be8-6cb0-35ba-c49eb7967c7e" testName="TestMethod1" computerName="RAZVAN" duration="00:00:00.4062545" startTime="2012-04-19T19:04:28.0332031+03:00" endTime="2012-04-19T19:04:30.4462890+03:00" testType="13cdc9d9-ddb5-4fa4-a97d-d965ccfc6d4b" outcome="Failed" testListId="8c84fa94-04c1-424b-9868-57a2d4851a1d" relativeResultsDirectory="22c63709-d0e7-413f-93fd-6aa83d568263">
      <Output>
        <ErrorInfo>
          <Message>Assert.IsTrue failed. Cele doua liste sunt diferite!</Message>
          <StackTrace>   at TestProject1.NotiteReaderTest.TestMethod1() in C:\Users\RazvanReb\GIT\Gestiune_Cheltuieli\Gestiune Cheltuieli\TestProject1\NotiteReaderTest.cs:line 37
</StackTrace>
        </ErrorInfo>
      </Output>
    </UnitTestResult>
  </Results>
</TestRun>