<?xml version="1.0" encoding="UTF-8"?>
<TestRun id="be0f377d-47db-47f0-9f43-11a12b59875e" name="RazvanReb@RAZVAN 2012-04-19 20:34:47" runUser="Razvan\RazvanReb" xmlns="http://microsoft.com/schemas/VisualStudio/TeamTest/2010">
  <TestSettings name="Local" id="dcb7233e-da86-4555-ac3e-cd9472204edd">
    <Description>These are default test settings for a local test run.</Description>
    <Deployment enabled="false" runDeploymentRoot="RazvanReb_RAZVAN 2012-04-19 20_34_47">
      <DeploymentItem filename="C:\Users\RazvanReb\GIT\Gestiune_Cheltuieli\Gestiune Cheltuieli\bin\Debug\Gestiune Cheltuieli.exe" />
    </Deployment>
    <Execution>
      <TestTypeSpecific />
      <AgentRule name="Execution Agents">
      </AgentRule>
    </Execution>
  </TestSettings>
  <Times creation="2012-04-19T20:34:47.0605468+03:00" queuing="2012-04-19T20:34:47.1005859+03:00" start="2012-04-19T20:34:47.1308593+03:00" finish="2012-04-19T20:34:47.7587890+03:00" />
  <ResultSummary outcome="Completed">
    <Counters total="2" executed="2" passed="2" error="0" failed="0" timeout="0" aborted="0" inconclusive="0" passedButRunAborted="0" notRunnable="0" notExecuted="0" disconnected="0" warning="0" completed="0" inProgress="0" pending="0" />
  </ResultSummary>
  <TestDefinitions>
    <UnitTest name="TestMethod1" storage="c:\users\razvanreb\git\gestiune_cheltuieli\gestiune cheltuieli\testproject1\bin\debug\testproject1.dll" id="a6262e3e-8ad0-36d1-e1c4-9925c7a9ab9e">
      <Execution id="8300748a-d8d4-48e8-a763-7ae1ae39fd16" />
      <TestMethod codeBase="C:/Users/RazvanReb/GIT/Gestiune_Cheltuieli/Gestiune Cheltuieli/TestProject1/bin/Debug/TestProject1.DLL" adapterTypeName="Microsoft.VisualStudio.TestTools.TestTypes.Unit.UnitTestAdapter, Microsoft.VisualStudio.QualityTools.Tips.UnitTest.Adapter, Version=10.0.0.0, Culture=neutral, PublicKeyToken=b03f5f7f11d50a3a" className="TestProject1.EvenimentReaderTest, TestProject1, Version=1.0.0.0, Culture=neutral, PublicKeyToken=null" name="TestMethod1" />
    </UnitTest>
    <UnitTest name="TestMethod1" storage="c:\users\razvanreb\git\gestiune_cheltuieli\gestiune cheltuieli\testproject1\bin\debug\testproject1.dll" id="8d860aa4-5be8-6cb0-35ba-c49eb7967c7e">
      <Execution id="1b0f7d49-8f16-4900-a699-fe7de4a1594e" />
      <TestMethod codeBase="C:/Users/RazvanReb/GIT/Gestiune_Cheltuieli/Gestiune Cheltuieli/TestProject1/bin/Debug/TestProject1.DLL" adapterTypeName="Microsoft.VisualStudio.TestTools.TestTypes.Unit.UnitTestAdapter, Microsoft.VisualStudio.QualityTools.Tips.UnitTest.Adapter, Version=10.0.0.0, Culture=neutral, PublicKeyToken=b03f5f7f11d50a3a" className="TestProject1.NotiteReaderTest, TestProject1, Version=1.0.0.0, Culture=neutral, PublicKeyToken=null" name="TestMethod1" />
    </UnitTest>
  </TestDefinitions>
  <TestLists>
    <TestList name="Results Not in a List" id="8c84fa94-04c1-424b-9868-57a2d4851a1d" />
    <TestList name="All Loaded Results" id="19431567-8539-422a-85d7-44ee4e166bda" />
  </TestLists>
  <TestEntries>
    <TestEntry testId="8d860aa4-5be8-6cb0-35ba-c49eb7967c7e" executionId="1b0f7d49-8f16-4900-a699-fe7de4a1594e" testListId="8c84fa94-04c1-424b-9868-57a2d4851a1d" />
    <TestEntry testId="a6262e3e-8ad0-36d1-e1c4-9925c7a9ab9e" executionId="8300748a-d8d4-48e8-a763-7ae1ae39fd16" testListId="8c84fa94-04c1-424b-9868-57a2d4851a1d" />
  </TestEntries>
  <Results>
    <UnitTestResult executionId="1b0f7d49-8f16-4900-a699-fe7de4a1594e" testId="8d860aa4-5be8-6cb0-35ba-c49eb7967c7e" testName="TestMethod1" computerName="RAZVAN" duration="00:00:00.0463143" startTime="2012-04-19T20:34:47.1523437+03:00" endTime="2012-04-19T20:34:47.6630859+03:00" testType="13cdc9d9-ddb5-4fa4-a97d-d965ccfc6d4b" outcome="Passed" testListId="8c84fa94-04c1-424b-9868-57a2d4851a1d" relativeResultsDirectory="1b0f7d49-8f16-4900-a699-fe7de4a1594e">
    </UnitTestResult>
    <UnitTestResult executionId="8300748a-d8d4-48e8-a763-7ae1ae39fd16" testId="a6262e3e-8ad0-36d1-e1c4-9925c7a9ab9e" testName="TestMethod1" computerName="RAZVAN" duration="00:00:00.0051503" startTime="2012-04-19T20:34:47.6660156+03:00" endTime="2012-04-19T20:34:47.6982421+03:00" testType="13cdc9d9-ddb5-4fa4-a97d-d965ccfc6d4b" outcome="Passed" testListId="8c84fa94-04c1-424b-9868-57a2d4851a1d" relativeResultsDirectory="8300748a-d8d4-48e8-a763-7ae1ae39fd16">
    </UnitTestResult>
  </Results>
</TestRun>