<?xml version="1.0" encoding="UTF-8"?>
<TestRun id="63b84365-d412-41cb-b7a3-4e64e3ebbde3" name="Sorin@SORIN-PC 2012-04-20 11:27:04" runUser="Sorin-PC\Sorin" xmlns="http://microsoft.com/schemas/VisualStudio/TeamTest/2010">
  <TestSettings name="Local" id="dcb7233e-da86-4555-ac3e-cd9472204edd">
    <Description>These are default test settings for a local test run.</Description>
    <Deployment enabled="false" runDeploymentRoot="Sorin_SORIN-PC 2012-04-20 11_27_04">
      <DeploymentItem filename="D:\Git\Gestiune Cheltuieli\Gestiune Cheltuieli\bin\Debug\Gestiune Cheltuieli.exe" />
    </Deployment>
    <Execution>
      <TestTypeSpecific />
      <AgentRule name="Execution Agents">
      </AgentRule>
    </Execution>
  </TestSettings>
  <Times creation="2012-04-20T11:27:04.5010304+03:00" queuing="2012-04-20T11:27:04.5520334+03:00" start="2012-04-20T11:27:04.7350438+03:00" finish="2012-04-20T11:27:05.0800636+03:00" />
  <ResultSummary outcome="Failed">
    <Counters total="1" executed="1" error="0" failed="1" timeout="0" aborted="0" inconclusive="0" passedButRunAborted="0" notRunnable="0" notExecuted="0" disconnected="0" warning="0" passed="0" completed="0" inProgress="0" pending="0" />
  </ResultSummary>
  <TestDefinitions>
    <UnitTest name="TestMethod2" storage="d:\git\gestiune cheltuieli\gestiune cheltuieli\testproject1\bin\debug\testproject1.dll" id="42a82752-11fe-560f-7b81-8b86e0dfd3ae">
      <Execution id="3d8e8a2b-bebd-4fb6-84e5-b399e9da3d96" />
      <TestMethod codeBase="D:/Git/Gestiune Cheltuieli/Gestiune Cheltuieli/TestProject1/bin/Debug/TestProject1.DLL" adapterTypeName="Microsoft.VisualStudio.TestTools.TestTypes.Unit.UnitTestAdapter, Microsoft.VisualStudio.QualityTools.Tips.UnitTest.Adapter, Version=10.0.0.0, Culture=neutral, PublicKeyToken=b03f5f7f11d50a3a" className="TestProject1.EvenimentReaderTest, TestProject1, Version=1.0.0.0, Culture=neutral, PublicKeyToken=null" name="TestMethod2" />
    </UnitTest>
  </TestDefinitions>
  <TestLists>
    <TestList name="Results Not in a List" id="8c84fa94-04c1-424b-9868-57a2d4851a1d" />
    <TestList name="All Loaded Results" id="19431567-8539-422a-85d7-44ee4e166bda" />
  </TestLists>
  <TestEntries>
    <TestEntry testId="42a82752-11fe-560f-7b81-8b86e0dfd3ae" executionId="3d8e8a2b-bebd-4fb6-84e5-b399e9da3d96" testListId="8c84fa94-04c1-424b-9868-57a2d4851a1d" />
  </TestEntries>
  <Results>
    <UnitTestResult executionId="3d8e8a2b-bebd-4fb6-84e5-b399e9da3d96" testId="42a82752-11fe-560f-7b81-8b86e0dfd3ae" testName="TestMethod2" computerName="SORIN-PC" duration="00:00:00.0351883" startTime="2012-04-20T11:27:04.7580451+03:00" endTime="2012-04-20T11:27:05.0460616+03:00" testType="13cdc9d9-ddb5-4fa4-a97d-d965ccfc6d4b" outcome="Failed" testListId="8c84fa94-04c1-424b-9868-57a2d4851a1d" relativeResultsDirectory="3d8e8a2b-bebd-4fb6-84e5-b399e9da3d96">
      <Output>
        <ErrorInfo>
          <Message>Assert.IsTrue failed. Cele doua liste sunt diferite!D:\Git\Gestiune Cheltuieli\Gestiune Cheltuieli\TestProject1\bin\DebugD:\Git\Gestiune Cheltuieli\Gestiune Cheltuieli\TestProject1\bin\Debug\evenimenteTest.xml</Message>
          <StackTrace>   at TestProject1.EvenimentReaderTest.TestMethod2() in D:\Git\Gestiune Cheltuieli\Gestiune Cheltuieli\TestProject1\EvenimentReaderTest.cs:line 45
</StackTrace>
        </ErrorInfo>
      </Output>
    </UnitTestResult>
  </Results>
</TestRun>