<?xml version="1.0" encoding="UTF-8"?>
<TestRun id="d6501180-b9cd-4a08-83b4-9b82b51b125b" name="Sorin@SORIN-PC 2012-04-20 10:13:45" runUser="Sorin-PC\Sorin" xmlns="http://microsoft.com/schemas/VisualStudio/TeamTest/2010">
  <TestSettings name="Local" id="dcb7233e-da86-4555-ac3e-cd9472204edd">
    <Description>These are default test settings for a local test run.</Description>
    <Deployment userDeploymentRoot="D:\Git\Gestiune Cheltuieli\Gestiune Cheltuieli\TestResults" useDefaultDeploymentRoot="false" enabled="false" runDeploymentRoot="Sorin_SORIN-PC 2012-04-20 10_13_45">
      <DeploymentItem filename="D:\Git\Gestiune Cheltuieli\Gestiune Cheltuieli\bin\Debug\Gestiune Cheltuieli.exe" />
    </Deployment>
    <Execution>
      <TestTypeSpecific />
      <AgentRule name="Execution Agents">
      </AgentRule>
    </Execution>
  </TestSettings>
  <Times creation="2012-04-20T10:13:45.1264006+03:00" queuing="2012-04-20T10:13:48.2205776+03:00" start="2012-04-20T10:13:48.2415788+03:00" finish="2012-04-20T10:13:48.5805982+03:00" />
  <ResultSummary outcome="Failed">
    <Counters total="2" executed="2" error="0" failed="2" timeout="0" aborted="0" inconclusive="0" passedButRunAborted="0" notRunnable="0" notExecuted="0" disconnected="0" warning="0" passed="0" completed="0" inProgress="0" pending="0" />
  </ResultSummary>
  <TestDefinitions>
    <UnitTest name="TestMethod2" storage="d:\git\gestiune cheltuieli\gestiune cheltuieli\testproject1\bin\debug\testproject1.dll" id="42a82752-11fe-560f-7b81-8b86e0dfd3ae">
      <Execution id="11e42fef-3c5a-4e75-854f-e9e48106a01a" />
      <TestMethod codeBase="D:/Git/Gestiune Cheltuieli/Gestiune Cheltuieli/TestProject1/bin/Debug/TestProject1.DLL" adapterTypeName="Microsoft.VisualStudio.TestTools.TestTypes.Unit.UnitTestAdapter, Microsoft.VisualStudio.QualityTools.Tips.UnitTest.Adapter, Version=10.0.0.0, Culture=neutral, PublicKeyToken=b03f5f7f11d50a3a" className="TestProject1.EvenimentReaderTest, TestProject1, Version=1.0.0.0, Culture=neutral, PublicKeyToken=null" name="TestMethod2" />
    </UnitTest>
    <UnitTest name="TestMethod1" storage="d:\git\gestiune cheltuieli\gestiune cheltuieli\testproject1\bin\debug\testproject1.dll" id="8d860aa4-5be8-6cb0-35ba-c49eb7967c7e">
      <Execution id="f4ac4601-901a-4729-9015-abfd9537b24a" />
      <TestMethod codeBase="D:/Git/Gestiune Cheltuieli/Gestiune Cheltuieli/TestProject1/bin/Debug/TestProject1.DLL" adapterTypeName="Microsoft.VisualStudio.TestTools.TestTypes.Unit.UnitTestAdapter, Microsoft.VisualStudio.QualityTools.Tips.UnitTest.Adapter, Version=10.0.0.0, Culture=neutral, PublicKeyToken=b03f5f7f11d50a3a" className="TestProject1.NotiteReaderTest, TestProject1, Version=1.0.0.0, Culture=neutral, PublicKeyToken=null" name="TestMethod1" />
    </UnitTest>
  </TestDefinitions>
  <TestLists>
    <TestList name="Results Not in a List" id="8c84fa94-04c1-424b-9868-57a2d4851a1d" />
    <TestList name="All Loaded Results" id="19431567-8539-422a-85d7-44ee4e166bda" />
  </TestLists>
  <TestEntries>
    <TestEntry testId="8d860aa4-5be8-6cb0-35ba-c49eb7967c7e" executionId="f4ac4601-901a-4729-9015-abfd9537b24a" testListId="8c84fa94-04c1-424b-9868-57a2d4851a1d" />
    <TestEntry testId="42a82752-11fe-560f-7b81-8b86e0dfd3ae" executionId="11e42fef-3c5a-4e75-854f-e9e48106a01a" testListId="8c84fa94-04c1-424b-9868-57a2d4851a1d" />
  </TestEntries>
  <Results>
    <UnitTestResult executionId="f4ac4601-901a-4729-9015-abfd9537b24a" testId="8d860aa4-5be8-6cb0-35ba-c49eb7967c7e" testName="TestMethod1" computerName="SORIN-PC" duration="00:00:00.0371479" startTime="2012-04-20T10:13:48.2475791+03:00" endTime="2012-04-20T10:13:48.5265951+03:00" testType="13cdc9d9-ddb5-4fa4-a97d-d965ccfc6d4b" outcome="Failed" testListId="8c84fa94-04c1-424b-9868-57a2d4851a1d" relativeResultsDirectory="f4ac4601-901a-4729-9015-abfd9537b24a">
      <Output>
        <ErrorInfo>
          <Message>Assert.IsTrue failed. Cele doua liste sunt diferite!</Message>
          <StackTrace>   at TestProject1.NotiteReaderTest.TestMethod1() in D:\Git\Gestiune Cheltuieli\Gestiune Cheltuieli\TestProject1\NotiteReaderTest.cs:line 37
</StackTrace>
        </ErrorInfo>
      </Output>
    </UnitTestResult>
    <UnitTestResult executionId="11e42fef-3c5a-4e75-854f-e9e48106a01a" testId="42a82752-11fe-560f-7b81-8b86e0dfd3ae" testName="TestMethod2" computerName="SORIN-PC" duration="00:00:00.0052931" startTime="2012-04-20T10:13:48.5295953+03:00" endTime="2012-04-20T10:13:48.5515965+03:00" testType="13cdc9d9-ddb5-4fa4-a97d-d965ccfc6d4b" outcome="Failed" testListId="8c84fa94-04c1-424b-9868-57a2d4851a1d" relativeResultsDirectory="11e42fef-3c5a-4e75-854f-e9e48106a01a">
      <Output>
        <StdOut>The current directory is D:\Git\Gestiune Cheltuieli\Gestiune Cheltuieli\TestResults\Sorin_SORIN-PC 2012-04-20 10_13_45\Out</StdOut>
        <ErrorInfo>
          <Message>Assert.IsTrue failed. Cele doua liste sunt diferite!</Message>
          <StackTrace>   at TestProject1.EvenimentReaderTest.TestMethod2() in D:\Git\Gestiune Cheltuieli\Gestiune Cheltuieli\TestProject1\EvenimentReaderTest.cs:line 42
</StackTrace>
        </ErrorInfo>
      </Output>
    </UnitTestResult>
  </Results>
</TestRun>