<?xml version="1.0" encoding="UTF-8"?>
<TestRun id="a9b9fa04-7283-49be-a65f-7b7e517f523a" name="Sorin@SORIN-PC 2012-04-20 10:03:05" runUser="Sorin-PC\Sorin" xmlns="http://microsoft.com/schemas/VisualStudio/TeamTest/2010">
  <TestSettings name="Local" id="dcb7233e-da86-4555-ac3e-cd9472204edd">
    <Description>These are default test settings for a local test run.</Description>
    <Deployment enabled="false" runDeploymentRoot="Sorin_SORIN-PC 2012-04-20 10_03_05">
      <DeploymentItem filename="D:\Git\Gestiune Cheltuieli\Gestiune Cheltuieli\bin\Debug\Gestiune Cheltuieli.exe" />
    </Deployment>
    <Execution>
      <TestTypeSpecific />
      <AgentRule name="Execution Agents">
      </AgentRule>
    </Execution>
  </TestSettings>
  <Times creation="2012-04-20T10:03:05.8508361+03:00" queuing="2012-04-20T10:03:05.9888440+03:00" start="2012-04-20T10:03:06.0208459+03:00" finish="2012-04-20T10:03:06.6988846+03:00" />
  <ResultSummary outcome="Failed">
    <Counters total="4" executed="4" error="0" failed="4" timeout="0" aborted="0" inconclusive="0" passedButRunAborted="0" notRunnable="0" notExecuted="0" disconnected="0" warning="0" passed="0" completed="0" inProgress="0" pending="0" />
  </ResultSummary>
  <TestDefinitions>
    <UnitTest name="TestMethod1" storage="d:\git\gestiune cheltuieli\gestiune cheltuieli\testproject1\bin\debug\testproject1.dll" id="8d860aa4-5be8-6cb0-35ba-c49eb7967c7e">
      <Execution id="7cf18fef-5d23-4d18-9e17-9c128b47980f" />
      <TestMethod codeBase="D:/Git/Gestiune Cheltuieli/Gestiune Cheltuieli/TestProject1/bin/Debug/TestProject1.DLL" adapterTypeName="Microsoft.VisualStudio.TestTools.TestTypes.Unit.UnitTestAdapter, Microsoft.VisualStudio.QualityTools.Tips.UnitTest.Adapter, Version=10.0.0.0, Culture=neutral, PublicKeyToken=b03f5f7f11d50a3a" className="TestProject1.NotiteReaderTest, TestProject1, Version=1.0.0.0, Culture=neutral, PublicKeyToken=null" name="TestMethod1" />
    </UnitTest>
    <UnitTest name="TestMethod3" storage="d:\git\gestiune cheltuieli\gestiune cheltuieli\testproject1\bin\debug\testproject1.dll" id="6b1f9fcc-a734-3f9e-f6aa-0b3b8ee867fc">
      <Execution id="e4a08739-b730-4dce-b83c-700c2dba899e" />
      <TestMethod codeBase="D:/Git/Gestiune Cheltuieli/Gestiune Cheltuieli/TestProject1/bin/Debug/TestProject1.DLL" adapterTypeName="Microsoft.VisualStudio.TestTools.TestTypes.Unit.UnitTestAdapter, Microsoft.VisualStudio.QualityTools.Tips.UnitTest.Adapter, Version=10.0.0.0, Culture=neutral, PublicKeyToken=b03f5f7f11d50a3a" className="TestProject1.NotitaWriterTest, TestProject1, Version=1.0.0.0, Culture=neutral, PublicKeyToken=null" name="TestMethod3" />
    </UnitTest>
    <UnitTest name="TestMethod3" storage="d:\git\gestiune cheltuieli\gestiune cheltuieli\testproject1\bin\debug\testproject1.dll" id="fd2ea4d9-4e24-5566-4e01-4b431d938b67">
      <Execution id="7791a900-c649-468d-b818-cd08217a424c" />
      <TestMethod codeBase="D:/Git/Gestiune Cheltuieli/Gestiune Cheltuieli/TestProject1/bin/Debug/TestProject1.DLL" adapterTypeName="Microsoft.VisualStudio.TestTools.TestTypes.Unit.UnitTestAdapter, Microsoft.VisualStudio.QualityTools.Tips.UnitTest.Adapter, Version=10.0.0.0, Culture=neutral, PublicKeyToken=b03f5f7f11d50a3a" className="TestProject1.EvenimentWriterTest, TestProject1, Version=1.0.0.0, Culture=neutral, PublicKeyToken=null" name="TestMethod3" />
    </UnitTest>
    <UnitTest name="TestMethod2" storage="d:\git\gestiune cheltuieli\gestiune cheltuieli\testproject1\bin\debug\testproject1.dll" id="42a82752-11fe-560f-7b81-8b86e0dfd3ae">
      <Execution id="559ad8ae-b5f2-4d58-bee1-9be72f61a0bb" />
      <TestMethod codeBase="D:/Git/Gestiune Cheltuieli/Gestiune Cheltuieli/TestProject1/bin/Debug/TestProject1.DLL" adapterTypeName="Microsoft.VisualStudio.TestTools.TestTypes.Unit.UnitTestAdapter, Microsoft.VisualStudio.QualityTools.Tips.UnitTest.Adapter, Version=10.0.0.0, Culture=neutral, PublicKeyToken=b03f5f7f11d50a3a" className="TestProject1.EvenimentReaderTest, TestProject1, Version=1.0.0.0, Culture=neutral, PublicKeyToken=null" name="TestMethod2" />
    </UnitTest>
  </TestDefinitions>
  <TestLists>
    <TestList name="Results Not in a List" id="8c84fa94-04c1-424b-9868-57a2d4851a1d" />
    <TestList name="All Loaded Results" id="19431567-8539-422a-85d7-44ee4e166bda" />
  </TestLists>
  <TestEntries>
    <TestEntry testId="42a82752-11fe-560f-7b81-8b86e0dfd3ae" executionId="559ad8ae-b5f2-4d58-bee1-9be72f61a0bb" testListId="8c84fa94-04c1-424b-9868-57a2d4851a1d" />
    <TestEntry testId="6b1f9fcc-a734-3f9e-f6aa-0b3b8ee867fc" executionId="e4a08739-b730-4dce-b83c-700c2dba899e" testListId="8c84fa94-04c1-424b-9868-57a2d4851a1d" />
    <TestEntry testId="8d860aa4-5be8-6cb0-35ba-c49eb7967c7e" executionId="7cf18fef-5d23-4d18-9e17-9c128b47980f" testListId="8c84fa94-04c1-424b-9868-57a2d4851a1d" />
    <TestEntry testId="fd2ea4d9-4e24-5566-4e01-4b431d938b67" executionId="7791a900-c649-468d-b818-cd08217a424c" testListId="8c84fa94-04c1-424b-9868-57a2d4851a1d" />
  </TestEntries>
  <Results>
    <UnitTestResult executionId="559ad8ae-b5f2-4d58-bee1-9be72f61a0bb" testId="42a82752-11fe-560f-7b81-8b86e0dfd3ae" testName="TestMethod2" computerName="SORIN-PC" duration="00:00:00.0696353" startTime="2012-04-20T10:03:06.0418471+03:00" endTime="2012-04-20T10:03:06.4848724+03:00" testType="13cdc9d9-ddb5-4fa4-a97d-d965ccfc6d4b" outcome="Failed" testListId="8c84fa94-04c1-424b-9868-57a2d4851a1d" relativeResultsDirectory="559ad8ae-b5f2-4d58-bee1-9be72f61a0bb">
      <Output>
        <ErrorInfo>
          <Message>Assert.IsTrue failed. Cele doua liste sunt diferite!</Message>
          <StackTrace>   at TestProject1.EvenimentReaderTest.TestMethod2() in D:\Git\Gestiune Cheltuieli\Gestiune Cheltuieli\TestProject1\EvenimentReaderTest.cs:line 39
</StackTrace>
        </ErrorInfo>
      </Output>
    </UnitTestResult>
    <UnitTestResult executionId="e4a08739-b730-4dce-b83c-700c2dba899e" testId="6b1f9fcc-a734-3f9e-f6aa-0b3b8ee867fc" testName="TestMethod3" computerName="SORIN-PC" duration="00:00:00.0863713" startTime="2012-04-20T10:03:06.4878726+03:00" endTime="2012-04-20T10:03:06.5898784+03:00" testType="13cdc9d9-ddb5-4fa4-a97d-d965ccfc6d4b" outcome="Failed" testListId="8c84fa94-04c1-424b-9868-57a2d4851a1d" relativeResultsDirectory="e4a08739-b730-4dce-b83c-700c2dba899e">
      <Output>
        <ErrorInfo>
          <Message>Initialization method TestProject1.NotitaWriterTest.TestInitialize3 threw exception. System.IO.DirectoryNotFoundException: System.IO.DirectoryNotFoundException: Could not find a part of the path 'C:\Users\User\Gestiune_Cheltuieli\Gestiune Cheltuieli\TestProject1\bin\Debug\notiteWriterTest2.xml'..</Message>
          <StackTrace>    at System.IO.__Error.WinIOError(Int32 errorCode, String maybeFullPath)
   at System.IO.FileStream.Init(String path, FileMode mode, FileAccess access, Int32 rights, Boolean useRights, FileShare share, Int32 bufferSize, FileOptions options, SECURITY_ATTRIBUTES secAttrs, String msgPath, Boolean bFromProxy, Boolean useLongPath, Boolean checkHost)
   at System.IO.FileStream..ctor(String path, FileMode mode, FileAccess access, FileShare share)
   at System.Xml.XmlDocument.Save(String filename)
   at Gestiune_Cheltuieli.NotitaWriter.scrieNotite(String numeFisier, List`1 lista) in D:\Git\Gestiune Cheltuieli\Gestiune Cheltuieli\NotitaWriter.cs:line 35
   at TestProject1.NotitaWriterTest.TestInitialize3() in D:\Git\Gestiune Cheltuieli\Gestiune Cheltuieli\TestProject1\NotitaWriterTest.cs:line 29
</StackTrace>
        </ErrorInfo>
      </Output>
    </UnitTestResult>
    <UnitTestResult executionId="7cf18fef-5d23-4d18-9e17-9c128b47980f" testId="8d860aa4-5be8-6cb0-35ba-c49eb7967c7e" testName="TestMethod1" computerName="SORIN-PC" duration="00:00:00.0112371" startTime="2012-04-20T10:03:06.5938786+03:00" endTime="2012-04-20T10:03:06.6108796+03:00" testType="13cdc9d9-ddb5-4fa4-a97d-d965ccfc6d4b" outcome="Failed" testListId="8c84fa94-04c1-424b-9868-57a2d4851a1d" relativeResultsDirectory="7cf18fef-5d23-4d18-9e17-9c128b47980f">
      <Output>
        <ErrorInfo>
          <Message>Assert.IsTrue failed. Cele doua liste sunt diferite!</Message>
          <StackTrace>   at TestProject1.NotiteReaderTest.TestMethod1() in D:\Git\Gestiune Cheltuieli\Gestiune Cheltuieli\TestProject1\NotiteReaderTest.cs:line 37
</StackTrace>
        </ErrorInfo>
      </Output>
    </UnitTestResult>
    <UnitTestResult executionId="7791a900-c649-468d-b818-cd08217a424c" testId="fd2ea4d9-4e24-5566-4e01-4b431d938b67" testName="TestMethod3" computerName="SORIN-PC" duration="00:00:00.0067107" startTime="2012-04-20T10:03:06.6158799+03:00" endTime="2012-04-20T10:03:06.6278806+03:00" testType="13cdc9d9-ddb5-4fa4-a97d-d965ccfc6d4b" outcome="Failed" testListId="8c84fa94-04c1-424b-9868-57a2d4851a1d" relativeResultsDirectory="7791a900-c649-468d-b818-cd08217a424c">
      <Output>
        <ErrorInfo>
          <Message>Initialization method TestProject1.EvenimentWriterTest.TestInitialize3 threw exception. System.IO.DirectoryNotFoundException: System.IO.DirectoryNotFoundException: Could not find a part of the path 'C:\Users\User\Gestiune_Cheltuieli\Gestiune Cheltuieli\TestProject1\bin\Debug\evenimenteWriterTest2.xml'..</Message>
          <StackTrace>    at System.IO.__Error.WinIOError(Int32 errorCode, String maybeFullPath)
   at System.IO.FileStream.Init(String path, FileMode mode, FileAccess access, Int32 rights, Boolean useRights, FileShare share, Int32 bufferSize, FileOptions options, SECURITY_ATTRIBUTES secAttrs, String msgPath, Boolean bFromProxy, Boolean useLongPath, Boolean checkHost)
   at System.IO.FileStream..ctor(String path, FileMode mode, FileAccess access, FileShare share)
   at System.Xml.XmlDocument.Save(String filename)
   at Gestiune_Cheltuieli.EvenimentWriter.scrieEvenimente(String numeFisier, List`1 lista) in D:\Git\Gestiune Cheltuieli\Gestiune Cheltuieli\EvenimentWriter.cs:line 41
   at TestProject1.EvenimentWriterTest.TestInitialize3() in D:\Git\Gestiune Cheltuieli\Gestiune Cheltuieli\TestProject1\EvenimentWriterTest.cs:line 30
</StackTrace>
        </ErrorInfo>
      </Output>
    </UnitTestResult>
  </Results>
</TestRun>