<?xml version="1.0" encoding="UTF-8"?>
<TestRun id="b2e2e995-50fe-41ff-8ba7-59c4e59422a2" name="Sorin@SORIN-PC 2012-04-20 11:31:43" runUser="Sorin-PC\Sorin" xmlns="http://microsoft.com/schemas/VisualStudio/TeamTest/2010">
  <TestSettings name="Local" id="dcb7233e-da86-4555-ac3e-cd9472204edd">
    <Description>These are default test settings for a local test run.</Description>
    <Deployment enabled="false" runDeploymentRoot="Sorin_SORIN-PC 2012-04-20 11_31_43">
      <DeploymentItem filename="D:\Git\Gestiune Cheltuieli\Gestiune Cheltuieli\bin\Debug\Gestiune Cheltuieli.exe" />
    </Deployment>
    <Execution>
      <TestTypeSpecific />
      <AgentRule name="Execution Agents">
      </AgentRule>
    </Execution>
  </TestSettings>
  <Times creation="2012-04-20T11:31:43.0399620+03:00" queuing="2012-04-20T11:31:43.0689636+03:00" start="2012-04-20T11:31:43.0859646+03:00" finish="2012-04-20T11:31:43.4559858+03:00" />
  <ResultSummary outcome="Completed">
    <Counters total="4" executed="4" passed="4" error="0" failed="0" timeout="0" aborted="0" inconclusive="0" passedButRunAborted="0" notRunnable="0" notExecuted="0" disconnected="0" warning="0" completed="0" inProgress="0" pending="0" />
  </ResultSummary>
  <TestDefinitions>
    <UnitTest name="TestMethod1" storage="d:\git\gestiune cheltuieli\gestiune cheltuieli\testproject1\bin\debug\testproject1.dll" id="8d860aa4-5be8-6cb0-35ba-c49eb7967c7e">
      <Execution id="ff1db2cd-50a2-4f33-9c21-4598d1255a11" />
      <TestMethod codeBase="D:/Git/Gestiune Cheltuieli/Gestiune Cheltuieli/TestProject1/bin/Debug/TestProject1.DLL" adapterTypeName="Microsoft.VisualStudio.TestTools.TestTypes.Unit.UnitTestAdapter, Microsoft.VisualStudio.QualityTools.Tips.UnitTest.Adapter, Version=10.0.0.0, Culture=neutral, PublicKeyToken=b03f5f7f11d50a3a" className="TestProject1.NotiteReaderTest, TestProject1, Version=1.0.0.0, Culture=neutral, PublicKeyToken=null" name="TestMethod1" />
    </UnitTest>
    <UnitTest name="TestMethod3" storage="d:\git\gestiune cheltuieli\gestiune cheltuieli\testproject1\bin\debug\testproject1.dll" id="6b1f9fcc-a734-3f9e-f6aa-0b3b8ee867fc">
      <Execution id="8e5447a7-1bb2-4822-8caf-fb907a0ec6e0" />
      <TestMethod codeBase="D:/Git/Gestiune Cheltuieli/Gestiune Cheltuieli/TestProject1/bin/Debug/TestProject1.DLL" adapterTypeName="Microsoft.VisualStudio.TestTools.TestTypes.Unit.UnitTestAdapter, Microsoft.VisualStudio.QualityTools.Tips.UnitTest.Adapter, Version=10.0.0.0, Culture=neutral, PublicKeyToken=b03f5f7f11d50a3a" className="TestProject1.NotitaWriterTest, TestProject1, Version=1.0.0.0, Culture=neutral, PublicKeyToken=null" name="TestMethod3" />
    </UnitTest>
    <UnitTest name="TestMethod2" storage="d:\git\gestiune cheltuieli\gestiune cheltuieli\testproject1\bin\debug\testproject1.dll" id="42a82752-11fe-560f-7b81-8b86e0dfd3ae">
      <Execution id="fcc4b11d-1b6f-42ed-8809-a7608c544a35" />
      <TestMethod codeBase="D:/Git/Gestiune Cheltuieli/Gestiune Cheltuieli/TestProject1/bin/Debug/TestProject1.DLL" adapterTypeName="Microsoft.VisualStudio.TestTools.TestTypes.Unit.UnitTestAdapter, Microsoft.VisualStudio.QualityTools.Tips.UnitTest.Adapter, Version=10.0.0.0, Culture=neutral, PublicKeyToken=b03f5f7f11d50a3a" className="TestProject1.EvenimentReaderTest, TestProject1, Version=1.0.0.0, Culture=neutral, PublicKeyToken=null" name="TestMethod2" />
    </UnitTest>
    <UnitTest name="TestMethod4" storage="d:\git\gestiune cheltuieli\gestiune cheltuieli\testproject1\bin\debug\testproject1.dll" id="9c711fe6-fff6-af86-a074-f6218a9adf7e">
      <Execution id="f2961651-69ff-4c34-9789-369bfd406e3f" />
      <TestMethod codeBase="D:/Git/Gestiune Cheltuieli/Gestiune Cheltuieli/TestProject1/bin/Debug/TestProject1.DLL" adapterTypeName="Microsoft.VisualStudio.TestTools.TestTypes.Unit.UnitTestAdapter, Microsoft.VisualStudio.QualityTools.Tips.UnitTest.Adapter, Version=10.0.0.0, Culture=neutral, PublicKeyToken=b03f5f7f11d50a3a" className="TestProject1.EvenimentWriterTest, TestProject1, Version=1.0.0.0, Culture=neutral, PublicKeyToken=null" name="TestMethod4" />
    </UnitTest>
  </TestDefinitions>
  <TestLists>
    <TestList name="Results Not in a List" id="8c84fa94-04c1-424b-9868-57a2d4851a1d" />
    <TestList name="All Loaded Results" id="19431567-8539-422a-85d7-44ee4e166bda" />
  </TestLists>
  <TestEntries>
    <TestEntry testId="42a82752-11fe-560f-7b81-8b86e0dfd3ae" executionId="fcc4b11d-1b6f-42ed-8809-a7608c544a35" testListId="8c84fa94-04c1-424b-9868-57a2d4851a1d" />
    <TestEntry testId="6b1f9fcc-a734-3f9e-f6aa-0b3b8ee867fc" executionId="8e5447a7-1bb2-4822-8caf-fb907a0ec6e0" testListId="8c84fa94-04c1-424b-9868-57a2d4851a1d" />
    <TestEntry testId="8d860aa4-5be8-6cb0-35ba-c49eb7967c7e" executionId="ff1db2cd-50a2-4f33-9c21-4598d1255a11" testListId="8c84fa94-04c1-424b-9868-57a2d4851a1d" />
    <TestEntry testId="9c711fe6-fff6-af86-a074-f6218a9adf7e" executionId="f2961651-69ff-4c34-9789-369bfd406e3f" testListId="8c84fa94-04c1-424b-9868-57a2d4851a1d" />
  </TestEntries>
  <Results>
    <UnitTestResult executionId="fcc4b11d-1b6f-42ed-8809-a7608c544a35" testId="42a82752-11fe-560f-7b81-8b86e0dfd3ae" testName="TestMethod2" computerName="SORIN-PC" duration="00:00:00.0240983" startTime="2012-04-20T11:31:43.1059657+03:00" endTime="2012-04-20T11:31:43.3939822+03:00" testType="13cdc9d9-ddb5-4fa4-a97d-d965ccfc6d4b" outcome="Passed" testListId="8c84fa94-04c1-424b-9868-57a2d4851a1d" relativeResultsDirectory="fcc4b11d-1b6f-42ed-8809-a7608c544a35">
    </UnitTestResult>
    <UnitTestResult executionId="8e5447a7-1bb2-4822-8caf-fb907a0ec6e0" testId="6b1f9fcc-a734-3f9e-f6aa-0b3b8ee867fc" testName="TestMethod3" computerName="SORIN-PC" duration="00:00:00.0087022" startTime="2012-04-20T11:31:43.3989825+03:00" endTime="2012-04-20T11:31:43.4119832+03:00" testType="13cdc9d9-ddb5-4fa4-a97d-d965ccfc6d4b" outcome="Passed" testListId="8c84fa94-04c1-424b-9868-57a2d4851a1d" relativeResultsDirectory="8e5447a7-1bb2-4822-8caf-fb907a0ec6e0">
    </UnitTestResult>
    <UnitTestResult executionId="ff1db2cd-50a2-4f33-9c21-4598d1255a11" testId="8d860aa4-5be8-6cb0-35ba-c49eb7967c7e" testName="TestMethod1" computerName="SORIN-PC" duration="00:00:00.0018880" startTime="2012-04-20T11:31:43.4159835+03:00" endTime="2012-04-20T11:31:43.4229839+03:00" testType="13cdc9d9-ddb5-4fa4-a97d-d965ccfc6d4b" outcome="Passed" testListId="8c84fa94-04c1-424b-9868-57a2d4851a1d" relativeResultsDirectory="ff1db2cd-50a2-4f33-9c21-4598d1255a11">
    </UnitTestResult>
    <UnitTestResult executionId="f2961651-69ff-4c34-9789-369bfd406e3f" testId="9c711fe6-fff6-af86-a074-f6218a9adf7e" testName="TestMethod4" computerName="SORIN-PC" duration="00:00:00.0044232" startTime="2012-04-20T11:31:43.4259840+03:00" endTime="2012-04-20T11:31:43.4359846+03:00" testType="13cdc9d9-ddb5-4fa4-a97d-d965ccfc6d4b" outcome="Passed" testListId="8c84fa94-04c1-424b-9868-57a2d4851a1d" relativeResultsDirectory="f2961651-69ff-4c34-9789-369bfd406e3f">
    </UnitTestResult>
  </Results>
</TestRun>