<?xml version="1.0" encoding="UTF-8"?>
<TestRun id="b7381d7c-654e-48ed-b5da-3dbe9d8a994b" name="Sorin@SORIN-PC 2012-04-20 11:32:37" runUser="Sorin-PC\Sorin" xmlns="http://microsoft.com/schemas/VisualStudio/TeamTest/2010">
  <TestSettings name="Local" id="dcb7233e-da86-4555-ac3e-cd9472204edd">
    <Description>These are default test settings for a local test run.</Description>
    <Deployment enabled="false" runDeploymentRoot="Sorin_SORIN-PC 2012-04-20 11_32_37">
      <DeploymentItem filename="D:\Git\Gestiune Cheltuieli\Gestiune Cheltuieli\bin\Debug\Gestiune Cheltuieli.exe" />
    </Deployment>
    <Execution>
      <TestTypeSpecific />
      <AgentRule name="Execution Agents">
      </AgentRule>
    </Execution>
  </TestSettings>
  <Times creation="2012-04-20T11:32:37.7730925+03:00" queuing="2012-04-20T11:32:37.8160950+03:00" start="2012-04-20T11:32:37.8250955+03:00" finish="2012-04-20T11:32:38.2101175+03:00" />
  <ResultSummary outcome="Completed">
    <Counters total="4" executed="4" passed="4" error="0" failed="0" timeout="0" aborted="0" inconclusive="0" passedButRunAborted="0" notRunnable="0" notExecuted="0" disconnected="0" warning="0" completed="0" inProgress="0" pending="0" />
  </ResultSummary>
  <TestDefinitions>
    <UnitTest name="TestMethod1" storage="d:\git\gestiune cheltuieli\gestiune cheltuieli\testproject1\bin\debug\testproject1.dll" id="8d860aa4-5be8-6cb0-35ba-c49eb7967c7e">
      <Execution id="93a37fd2-0fd5-4c41-800b-0a5d0698b886" />
      <TestMethod codeBase="D:/Git/Gestiune Cheltuieli/Gestiune Cheltuieli/TestProject1/bin/Debug/TestProject1.DLL" adapterTypeName="Microsoft.VisualStudio.TestTools.TestTypes.Unit.UnitTestAdapter, Microsoft.VisualStudio.QualityTools.Tips.UnitTest.Adapter, Version=10.0.0.0, Culture=neutral, PublicKeyToken=b03f5f7f11d50a3a" className="TestProject1.NotiteReaderTest, TestProject1, Version=1.0.0.0, Culture=neutral, PublicKeyToken=null" name="TestMethod1" />
    </UnitTest>
    <UnitTest name="TestMethod3" storage="d:\git\gestiune cheltuieli\gestiune cheltuieli\testproject1\bin\debug\testproject1.dll" id="6b1f9fcc-a734-3f9e-f6aa-0b3b8ee867fc">
      <Execution id="c4574499-d342-4fa1-ae1c-f3636610c739" />
      <TestMethod codeBase="D:/Git/Gestiune Cheltuieli/Gestiune Cheltuieli/TestProject1/bin/Debug/TestProject1.DLL" adapterTypeName="Microsoft.VisualStudio.TestTools.TestTypes.Unit.UnitTestAdapter, Microsoft.VisualStudio.QualityTools.Tips.UnitTest.Adapter, Version=10.0.0.0, Culture=neutral, PublicKeyToken=b03f5f7f11d50a3a" className="TestProject1.NotitaWriterTest, TestProject1, Version=1.0.0.0, Culture=neutral, PublicKeyToken=null" name="TestMethod3" />
    </UnitTest>
    <UnitTest name="TestMethod2" storage="d:\git\gestiune cheltuieli\gestiune cheltuieli\testproject1\bin\debug\testproject1.dll" id="42a82752-11fe-560f-7b81-8b86e0dfd3ae">
      <Execution id="afd2591f-bc76-461c-bc7f-803c64b61531" />
      <TestMethod codeBase="D:/Git/Gestiune Cheltuieli/Gestiune Cheltuieli/TestProject1/bin/Debug/TestProject1.DLL" adapterTypeName="Microsoft.VisualStudio.TestTools.TestTypes.Unit.UnitTestAdapter, Microsoft.VisualStudio.QualityTools.Tips.UnitTest.Adapter, Version=10.0.0.0, Culture=neutral, PublicKeyToken=b03f5f7f11d50a3a" className="TestProject1.EvenimentReaderTest, TestProject1, Version=1.0.0.0, Culture=neutral, PublicKeyToken=null" name="TestMethod2" />
    </UnitTest>
    <UnitTest name="TestMethod4" storage="d:\git\gestiune cheltuieli\gestiune cheltuieli\testproject1\bin\debug\testproject1.dll" id="9c711fe6-fff6-af86-a074-f6218a9adf7e">
      <Execution id="28d34c8e-8f8b-488d-a366-f51cc90aa3f1" />
      <TestMethod codeBase="D:/Git/Gestiune Cheltuieli/Gestiune Cheltuieli/TestProject1/bin/Debug/TestProject1.DLL" adapterTypeName="Microsoft.VisualStudio.TestTools.TestTypes.Unit.UnitTestAdapter, Microsoft.VisualStudio.QualityTools.Tips.UnitTest.Adapter, Version=10.0.0.0, Culture=neutral, PublicKeyToken=b03f5f7f11d50a3a" className="TestProject1.EvenimentWriterTest, TestProject1, Version=1.0.0.0, Culture=neutral, PublicKeyToken=null" name="TestMethod4" />
    </UnitTest>
  </TestDefinitions>
  <TestLists>
    <TestList name="Results Not in a List" id="8c84fa94-04c1-424b-9868-57a2d4851a1d" />
    <TestList name="All Loaded Results" id="19431567-8539-422a-85d7-44ee4e166bda" />
  </TestLists>
  <TestEntries>
    <TestEntry testId="42a82752-11fe-560f-7b81-8b86e0dfd3ae" executionId="afd2591f-bc76-461c-bc7f-803c64b61531" testListId="8c84fa94-04c1-424b-9868-57a2d4851a1d" />
    <TestEntry testId="6b1f9fcc-a734-3f9e-f6aa-0b3b8ee867fc" executionId="c4574499-d342-4fa1-ae1c-f3636610c739" testListId="8c84fa94-04c1-424b-9868-57a2d4851a1d" />
    <TestEntry testId="8d860aa4-5be8-6cb0-35ba-c49eb7967c7e" executionId="93a37fd2-0fd5-4c41-800b-0a5d0698b886" testListId="8c84fa94-04c1-424b-9868-57a2d4851a1d" />
    <TestEntry testId="9c711fe6-fff6-af86-a074-f6218a9adf7e" executionId="28d34c8e-8f8b-488d-a366-f51cc90aa3f1" testListId="8c84fa94-04c1-424b-9868-57a2d4851a1d" />
  </TestEntries>
  <Results>
    <UnitTestResult executionId="afd2591f-bc76-461c-bc7f-803c64b61531" testId="42a82752-11fe-560f-7b81-8b86e0dfd3ae" testName="TestMethod2" computerName="SORIN-PC" duration="00:00:00.0277451" startTime="2012-04-20T11:32:37.8630977+03:00" endTime="2012-04-20T11:32:38.1361133+03:00" testType="13cdc9d9-ddb5-4fa4-a97d-d965ccfc6d4b" outcome="Passed" testListId="8c84fa94-04c1-424b-9868-57a2d4851a1d" relativeResultsDirectory="afd2591f-bc76-461c-bc7f-803c64b61531">
    </UnitTestResult>
    <UnitTestResult executionId="c4574499-d342-4fa1-ae1c-f3636610c739" testId="6b1f9fcc-a734-3f9e-f6aa-0b3b8ee867fc" testName="TestMethod3" computerName="SORIN-PC" duration="00:00:00.0133721" startTime="2012-04-20T11:32:38.1431137+03:00" endTime="2012-04-20T11:32:38.1641149+03:00" testType="13cdc9d9-ddb5-4fa4-a97d-d965ccfc6d4b" outcome="Passed" testListId="8c84fa94-04c1-424b-9868-57a2d4851a1d" relativeResultsDirectory="c4574499-d342-4fa1-ae1c-f3636610c739">
    </UnitTestResult>
    <UnitTestResult executionId="93a37fd2-0fd5-4c41-800b-0a5d0698b886" testId="8d860aa4-5be8-6cb0-35ba-c49eb7967c7e" testName="TestMethod1" computerName="SORIN-PC" duration="00:00:00.0014887" startTime="2012-04-20T11:32:38.1671151+03:00" endTime="2012-04-20T11:32:38.1741155+03:00" testType="13cdc9d9-ddb5-4fa4-a97d-d965ccfc6d4b" outcome="Passed" testListId="8c84fa94-04c1-424b-9868-57a2d4851a1d" relativeResultsDirectory="93a37fd2-0fd5-4c41-800b-0a5d0698b886">
    </UnitTestResult>
    <UnitTestResult executionId="28d34c8e-8f8b-488d-a366-f51cc90aa3f1" testId="9c711fe6-fff6-af86-a074-f6218a9adf7e" testName="TestMethod4" computerName="SORIN-PC" duration="00:00:00.0048574" startTime="2012-04-20T11:32:38.1781157+03:00" endTime="2012-04-20T11:32:38.1881163+03:00" testType="13cdc9d9-ddb5-4fa4-a97d-d965ccfc6d4b" outcome="Passed" testListId="8c84fa94-04c1-424b-9868-57a2d4851a1d" relativeResultsDirectory="28d34c8e-8f8b-488d-a366-f51cc90aa3f1">
    </UnitTestResult>
  </Results>
</TestRun>