<?xml version="1.0" encoding="UTF-8"?>
<TestRun id="9e8ceb61-2813-410f-af09-5c911ae906a0" name="Sorin@SORIN-PC 2012-04-20 10:22:13" runUser="Sorin-PC\Sorin" xmlns="http://microsoft.com/schemas/VisualStudio/TeamTest/2010">
  <TestSettings name="Local" id="dcb7233e-da86-4555-ac3e-cd9472204edd">
    <Description>These are default test settings for a local test run.</Description>
    <Deployment enabled="false" runDeploymentRoot="Sorin_SORIN-PC 2012-04-20 10_22_13">
      <DeploymentItem filename="D:\Git\Gestiune Cheltuieli\Gestiune Cheltuieli\bin\Debug\Gestiune Cheltuieli.exe" />
    </Deployment>
    <Execution>
      <TestTypeSpecific />
      <AgentRule name="Execution Agents">
      </AgentRule>
    </Execution>
  </TestSettings>
  <Times creation="2012-04-20T10:22:13.8574984+03:00" queuing="2012-04-20T10:22:13.8915003+03:00" start="2012-04-20T10:22:13.9265023+03:00" finish="2012-04-20T10:22:14.2955234+03:00" />
  <ResultSummary outcome="Completed">
    <Counters total="4" executed="4" passed="4" error="0" failed="0" timeout="0" aborted="0" inconclusive="0" passedButRunAborted="0" notRunnable="0" notExecuted="0" disconnected="0" warning="0" completed="0" inProgress="0" pending="0" />
  </ResultSummary>
  <TestDefinitions>
    <UnitTest name="TestMethod1" storage="d:\git\gestiune cheltuieli\gestiune cheltuieli\testproject1\bin\debug\testproject1.dll" id="8d860aa4-5be8-6cb0-35ba-c49eb7967c7e">
      <Execution id="94edb3bc-0444-4c2e-a225-157eaedd4396" />
      <TestMethod codeBase="D:/Git/Gestiune Cheltuieli/Gestiune Cheltuieli/TestProject1/bin/Debug/TestProject1.DLL" adapterTypeName="Microsoft.VisualStudio.TestTools.TestTypes.Unit.UnitTestAdapter, Microsoft.VisualStudio.QualityTools.Tips.UnitTest.Adapter, Version=10.0.0.0, Culture=neutral, PublicKeyToken=b03f5f7f11d50a3a" className="TestProject1.NotiteReaderTest, TestProject1, Version=1.0.0.0, Culture=neutral, PublicKeyToken=null" name="TestMethod1" />
    </UnitTest>
    <UnitTest name="TestMethod3" storage="d:\git\gestiune cheltuieli\gestiune cheltuieli\testproject1\bin\debug\testproject1.dll" id="6b1f9fcc-a734-3f9e-f6aa-0b3b8ee867fc">
      <Execution id="fa931d5b-d85a-4589-8789-7b2dbe9b8b6e" />
      <TestMethod codeBase="D:/Git/Gestiune Cheltuieli/Gestiune Cheltuieli/TestProject1/bin/Debug/TestProject1.DLL" adapterTypeName="Microsoft.VisualStudio.TestTools.TestTypes.Unit.UnitTestAdapter, Microsoft.VisualStudio.QualityTools.Tips.UnitTest.Adapter, Version=10.0.0.0, Culture=neutral, PublicKeyToken=b03f5f7f11d50a3a" className="TestProject1.NotitaWriterTest, TestProject1, Version=1.0.0.0, Culture=neutral, PublicKeyToken=null" name="TestMethod3" />
    </UnitTest>
    <UnitTest name="TestMethod2" storage="d:\git\gestiune cheltuieli\gestiune cheltuieli\testproject1\bin\debug\testproject1.dll" id="42a82752-11fe-560f-7b81-8b86e0dfd3ae">
      <Execution id="9d55ad95-c9ad-41ea-9d22-09ccf56783d8" />
      <TestMethod codeBase="D:/Git/Gestiune Cheltuieli/Gestiune Cheltuieli/TestProject1/bin/Debug/TestProject1.DLL" adapterTypeName="Microsoft.VisualStudio.TestTools.TestTypes.Unit.UnitTestAdapter, Microsoft.VisualStudio.QualityTools.Tips.UnitTest.Adapter, Version=10.0.0.0, Culture=neutral, PublicKeyToken=b03f5f7f11d50a3a" className="TestProject1.EvenimentReaderTest, TestProject1, Version=1.0.0.0, Culture=neutral, PublicKeyToken=null" name="TestMethod2" />
    </UnitTest>
    <UnitTest name="TestMethod4" storage="d:\git\gestiune cheltuieli\gestiune cheltuieli\testproject1\bin\debug\testproject1.dll" id="9c711fe6-fff6-af86-a074-f6218a9adf7e">
      <Execution id="60301acc-a6cd-42fa-ba70-a0d46caa405a" />
      <TestMethod codeBase="D:/Git/Gestiune Cheltuieli/Gestiune Cheltuieli/TestProject1/bin/Debug/TestProject1.DLL" adapterTypeName="Microsoft.VisualStudio.TestTools.TestTypes.Unit.UnitTestAdapter, Microsoft.VisualStudio.QualityTools.Tips.UnitTest.Adapter, Version=10.0.0.0, Culture=neutral, PublicKeyToken=b03f5f7f11d50a3a" className="TestProject1.EvenimentWriterTest, TestProject1, Version=1.0.0.0, Culture=neutral, PublicKeyToken=null" name="TestMethod4" />
    </UnitTest>
  </TestDefinitions>
  <TestLists>
    <TestList name="Results Not in a List" id="8c84fa94-04c1-424b-9868-57a2d4851a1d" />
    <TestList name="All Loaded Results" id="19431567-8539-422a-85d7-44ee4e166bda" />
  </TestLists>
  <TestEntries>
    <TestEntry testId="42a82752-11fe-560f-7b81-8b86e0dfd3ae" executionId="9d55ad95-c9ad-41ea-9d22-09ccf56783d8" testListId="8c84fa94-04c1-424b-9868-57a2d4851a1d" />
    <TestEntry testId="6b1f9fcc-a734-3f9e-f6aa-0b3b8ee867fc" executionId="fa931d5b-d85a-4589-8789-7b2dbe9b8b6e" testListId="8c84fa94-04c1-424b-9868-57a2d4851a1d" />
    <TestEntry testId="8d860aa4-5be8-6cb0-35ba-c49eb7967c7e" executionId="94edb3bc-0444-4c2e-a225-157eaedd4396" testListId="8c84fa94-04c1-424b-9868-57a2d4851a1d" />
    <TestEntry testId="9c711fe6-fff6-af86-a074-f6218a9adf7e" executionId="60301acc-a6cd-42fa-ba70-a0d46caa405a" testListId="8c84fa94-04c1-424b-9868-57a2d4851a1d" />
  </TestEntries>
  <Results>
    <UnitTestResult executionId="9d55ad95-c9ad-41ea-9d22-09ccf56783d8" testId="42a82752-11fe-560f-7b81-8b86e0dfd3ae" testName="TestMethod2" computerName="SORIN-PC" duration="00:00:00.0293761" startTime="2012-04-20T10:22:13.9535039+03:00" endTime="2012-04-20T10:22:14.2315198+03:00" testType="13cdc9d9-ddb5-4fa4-a97d-d965ccfc6d4b" outcome="Passed" testListId="8c84fa94-04c1-424b-9868-57a2d4851a1d" relativeResultsDirectory="9d55ad95-c9ad-41ea-9d22-09ccf56783d8">
    </UnitTestResult>
    <UnitTestResult executionId="fa931d5b-d85a-4589-8789-7b2dbe9b8b6e" testId="6b1f9fcc-a734-3f9e-f6aa-0b3b8ee867fc" testName="TestMethod3" computerName="SORIN-PC" duration="00:00:00.0097492" startTime="2012-04-20T10:22:14.2365200+03:00" endTime="2012-04-20T10:22:14.2505208+03:00" testType="13cdc9d9-ddb5-4fa4-a97d-d965ccfc6d4b" outcome="Passed" testListId="8c84fa94-04c1-424b-9868-57a2d4851a1d" relativeResultsDirectory="fa931d5b-d85a-4589-8789-7b2dbe9b8b6e">
    </UnitTestResult>
    <UnitTestResult executionId="94edb3bc-0444-4c2e-a225-157eaedd4396" testId="8d860aa4-5be8-6cb0-35ba-c49eb7967c7e" testName="TestMethod1" computerName="SORIN-PC" duration="00:00:00.0015283" startTime="2012-04-20T10:22:14.2555211+03:00" endTime="2012-04-20T10:22:14.2625215+03:00" testType="13cdc9d9-ddb5-4fa4-a97d-d965ccfc6d4b" outcome="Passed" testListId="8c84fa94-04c1-424b-9868-57a2d4851a1d" relativeResultsDirectory="94edb3bc-0444-4c2e-a225-157eaedd4396">
    </UnitTestResult>
    <UnitTestResult executionId="60301acc-a6cd-42fa-ba70-a0d46caa405a" testId="9c711fe6-fff6-af86-a074-f6218a9adf7e" testName="TestMethod4" computerName="SORIN-PC" duration="00:00:00.0046682" startTime="2012-04-20T10:22:14.2655217+03:00" endTime="2012-04-20T10:22:14.2755223+03:00" testType="13cdc9d9-ddb5-4fa4-a97d-d965ccfc6d4b" outcome="Passed" testListId="8c84fa94-04c1-424b-9868-57a2d4851a1d" relativeResultsDirectory="60301acc-a6cd-42fa-ba70-a0d46caa405a">
    </UnitTestResult>
  </Results>
</TestRun>