<?xml version="1.0" encoding="UTF-8"?>
<TestRun id="969f5ea1-349a-4a1d-82c0-467f27218659" name="User@RAZVANREB 2012-04-20 01:17:01" runUser="RAZVANREB\User" xmlns="http://microsoft.com/schemas/VisualStudio/TeamTest/2010">
  <TestSettings name="Local" id="dcb7233e-da86-4555-ac3e-cd9472204edd">
    <Description>These are default test settings for a local test run.</Description>
    <Deployment enabled="false" runDeploymentRoot="User_RAZVANREB 2012-04-20 01_17_01">
      <DeploymentItem filename="C:\Users\User\Gestiune_Cheltuieli\Gestiune Cheltuieli\bin\Debug\Gestiune Cheltuieli.exe" />
    </Deployment>
    <Execution>
      <TestTypeSpecific />
      <AgentRule name="Execution Agents">
      </AgentRule>
    </Execution>
  </TestSettings>
  <Times creation="2012-04-20T01:17:01.6375397+03:00" queuing="2012-04-20T01:17:04.2256878+03:00" start="2012-04-20T01:17:04.7477176+03:00" finish="2012-04-20T01:17:24.4248431+03:00" />
  <ResultSummary outcome="Error">
    <Counters total="1" executed="1" error="0" failed="0" timeout="0" aborted="1" inconclusive="0" passedButRunAborted="0" notRunnable="0" notExecuted="0" disconnected="0" warning="0" passed="0" completed="0" inProgress="0" pending="0" />
    <RunInfos>
      <RunInfo computerName="RAZVANREB" outcome="Error" timestamp="2012-04-20T01:17:24.4218429+03:00">
        <Text>Test host process exited unexpectedly.</Text>
      </RunInfo>
    </RunInfos>
  </ResultSummary>
  <TestDefinitions>
    <UnitTest name="TestMethod3" storage="c:\users\user\gestiune_cheltuieli\gestiune cheltuieli\testproject1\bin\debug\testproject1.dll" id="6b1f9fcc-a734-3f9e-f6aa-0b3b8ee867fc">
      <Execution id="d6446cf0-a997-4e44-bbbd-40fc6a470cce" />
      <TestMethod codeBase="C:/Users/User/Gestiune_Cheltuieli/Gestiune Cheltuieli/TestProject1/bin/Debug/TestProject1.DLL" adapterTypeName="Microsoft.VisualStudio.TestTools.TestTypes.Unit.UnitTestAdapter, Microsoft.VisualStudio.QualityTools.Tips.UnitTest.Adapter, Version=10.0.0.0, Culture=neutral, PublicKeyToken=b03f5f7f11d50a3a" className="TestProject1.NotitaWriterTest, TestProject1, Version=1.0.0.0, Culture=neutral, PublicKeyToken=null" name="TestMethod3" />
    </UnitTest>
  </TestDefinitions>
  <TestLists>
    <TestList name="Results Not in a List" id="8c84fa94-04c1-424b-9868-57a2d4851a1d" />
    <TestList name="All Loaded Results" id="19431567-8539-422a-85d7-44ee4e166bda" />
  </TestLists>
  <TestEntries>
    <TestEntry testId="6b1f9fcc-a734-3f9e-f6aa-0b3b8ee867fc" executionId="d6446cf0-a997-4e44-bbbd-40fc6a470cce" testListId="8c84fa94-04c1-424b-9868-57a2d4851a1d" />
  </TestEntries>
  <Results>
    <UnitTestResult executionId="d6446cf0-a997-4e44-bbbd-40fc6a470cce" testId="6b1f9fcc-a734-3f9e-f6aa-0b3b8ee867fc" testName="TestMethod3" computerName="RAZVANREB" duration="00:00:19.2080987" startTime="2012-04-20T01:17:05.2167444+03:00" endTime="2012-04-20T01:17:24.4248431+03:00" testType="13cdc9d9-ddb5-4fa4-a97d-d965ccfc6d4b" outcome="Aborted" testListId="8c84fa94-04c1-424b-9868-57a2d4851a1d" relativeResultsDirectory="d6446cf0-a997-4e44-bbbd-40fc6a470cce">
    </UnitTestResult>
  </Results>
</TestRun>